<?xml version="1.0" encoding="UTF-8"?>
<!-- Generated by org.testng.reporters.JUnitReportReporter -->
<testsuite hostname="Sahasra-Laptop" failures="0" tests="1" name="mpack.MavenFourTest" time="0.012" errors="0" timestamp="2021-03-27T00:42:15 PDT" skipped="0">
  <testcase classname="mpack.MavenFourTest" name="mThree" time="0.012"/>
  <system-out/>
</testsuite> <!-- mpack.MavenFourTest -->
