<?xml version="1.0" encoding="UTF-8"?>
<!-- Generated by org.testng.reporters.JUnitReportReporter -->
<testsuite hostname="Sahasra-Laptop" failures="0" tests="1" name="mpack.MavenThreeTest" time="0.001" errors="0" timestamp="2021-02-22T19:55:46 PST" skipped="0">
  <testcase classname="mpack.MavenThreeTest" name="mThree" time="0.001"/>
  <system-out/>
</testsuite> <!-- mpack.MavenThreeTest -->
