<?xml version="1.0" encoding="UTF-8"?>
<!-- Generated by org.testng.reporters.JUnitReportReporter -->
<testsuite hostname="Sahasra-Laptop" failures="0" tests="1" name="mpack.MavenOneTest" time="3.497" errors="0" timestamp="2021-02-23T00:27:23 PST" skipped="0">
  <testcase classname="mpack.MavenOneTest" name="mOne" time="3.497"/>
  <system-out/>
</testsuite> <!-- mpack.MavenOneTest -->
