<?xml version="1.0" encoding="UTF-8"?>
<!-- Generated by org.testng.reporters.JUnitReportReporter -->
<testsuite hostname="Sahasra-Laptop" failures="0" tests="1" name="mpack.MavenFourTest" time="0.001" errors="0" timestamp="2021-02-23T00:27:23 PST" skipped="0">
  <testcase classname="mpack.MavenFourTest" name="mThree" time="0.001"/>
  <system-out/>
</testsuite> <!-- mpack.MavenFourTest -->
